Build output check failed:
    Regex: 'command line option .* is valid for .* but not for C\+\+'
    Output line: 'cc1plus: warning: command line option ‘-Wmissing-prototypes’ is valid for C/ObjC but not for C++'
Compilation failed:
    source file: '/home/pi/cscapstoneproject-pihomesecurity/opencv/opencv/build/CMakeFiles/CMakeTmp/src.cxx'
    check option: ' -fsigned-char -W -Wall -Werror=return-type -Werror=non-virtual-dtor -Werror=address -Werror=sequence-point -Wformat -Werror=format-security -Wmissing-declarations  -Wmissing-prototypes'
===== BUILD LOG =====
Change Dir: /home/pi/cscapstoneproject-pihomesecurity/opencv/opencv/build/CMakeFiles/CMakeTmp

Run Build Command:"/usr/bin/make" "cmTC_d90ca/fast"
/usr/bin/make -f CMakeFiles/cmTC_d90ca.dir/build.make CMakeFiles/cmTC_d90ca.dir/build
make[1]: Entering directory '/home/pi/cscapstoneproject-pihomesecurity/opencv/opencv/build/CMakeFiles/CMakeTmp'
Building CXX object CMakeFiles/cmTC_d90ca.dir/src.cxx.o
/usr/bin/c++    -O3 -DNDEBUG -fPIE   -fsigned-char -W -Wall -Werror=return-type -Werror=non-virtual-dtor -Werror=address -Werror=sequence-point -Wformat -Werror=format-security -Wmissing-declarations -Wmissing-prototypes -std=c++11 -o CMakeFiles/cmTC_d90ca.dir/src.cxx.o -c /home/pi/cscapstoneproject-pihomesecurity/opencv/opencv/build/CMakeFiles/CMakeTmp/src.cxx
cc1plus: warning: command line option ‘-Wmissing-prototypes’ is valid for C/ObjC but not for C++
/home/pi/cscapstoneproject-pihomesecurity/opencv/opencv/build/CMakeFiles/CMakeTmp/src.cxx:1: warning: ignoring #pragma   [-Wunknown-pragmas]
 #pragma
 
Linking CXX executable cmTC_d90ca
/usr/bin/cmake -E cmake_link_script CMakeFiles/cmTC_d90ca.dir/link.txt --verbose=1
/usr/bin/c++    -O3 -DNDEBUG    CMakeFiles/cmTC_d90ca.dir/src.cxx.o  -o cmTC_d90ca 
make[1]: Leaving directory '/home/pi/cscapstoneproject-pihomesecurity/opencv/opencv/build/CMakeFiles/CMakeTmp'

===== END =====

Build output check failed:
    Regex: 'command line option .* is valid for .* but not for C\+\+'
    Output line: 'cc1plus: warning: command line option ‘-Wstrict-prototypes’ is valid for C/ObjC but not for C++'
Compilation failed:
    source file: '/home/pi/cscapstoneproject-pihomesecurity/opencv/opencv/build/CMakeFiles/CMakeTmp/src.cxx'
    check option: ' -fsigned-char -W -Wall -Werror=return-type -Werror=non-virtual-dtor -Werror=address -Werror=sequence-point -Wformat -Werror=format-security -Wmissing-declarations  -Wstrict-prototypes'
===== BUILD LOG =====
Change Dir: /home/pi/cscapstoneproject-pihomesecurity/opencv/opencv/build/CMakeFiles/CMakeTmp

Run Build Command:"/usr/bin/make" "cmTC_55aa2/fast"
/usr/bin/make -f CMakeFiles/cmTC_55aa2.dir/build.make CMakeFiles/cmTC_55aa2.dir/build
make[1]: Entering directory '/home/pi/cscapstoneproject-pihomesecurity/opencv/opencv/build/CMakeFiles/CMakeTmp'
Building CXX object CMakeFiles/cmTC_55aa2.dir/src.cxx.o
/usr/bin/c++    -O3 -DNDEBUG -fPIE   -fsigned-char -W -Wall -Werror=return-type -Werror=non-virtual-dtor -Werror=address -Werror=sequence-point -Wformat -Werror=format-security -Wmissing-declarations -Wstrict-prototypes -std=c++11 -o CMakeFiles/cmTC_55aa2.dir/src.cxx.o -c /home/pi/cscapstoneproject-pihomesecurity/opencv/opencv/build/CMakeFiles/CMakeTmp/src.cxx
cc1plus: warning: command line option ‘-Wstrict-prototypes’ is valid for C/ObjC but not for C++
/home/pi/cscapstoneproject-pihomesecurity/opencv/opencv/build/CMakeFiles/CMakeTmp/src.cxx:1: warning: ignoring #pragma   [-Wunknown-pragmas]
 #pragma
 
Linking CXX executable cmTC_55aa2
/usr/bin/cmake -E cmake_link_script CMakeFiles/cmTC_55aa2.dir/link.txt --verbose=1
/usr/bin/c++    -O3 -DNDEBUG    CMakeFiles/cmTC_55aa2.dir/src.cxx.o  -o cmTC_55aa2 
make[1]: Leaving directory '/home/pi/cscapstoneproject-pihomesecurity/opencv/opencv/build/CMakeFiles/CMakeTmp'

===== END =====

Build output check failed:
    Regex: 'command line option .* is valid for .* but not for C'
    Output line: 'cc1: warning: command line option ‘-Wsign-promo’ is valid for C++/ObjC++ but not for C'
Compilation failed:
    source file: '/home/pi/cscapstoneproject-pihomesecurity/opencv/opencv/build/CMakeFiles/CMakeTmp/src.c'
    check option: ' -fsigned-char -W -Wall -Werror=return-type -Werror=non-virtual-dtor -Werror=address -Werror=sequence-point -Wformat -Werror=format-security -Wmissing-declarations -Wmissing-prototypes -Wstrict-prototypes -Wundef -Winit-self -Wpointer-arith -Wshadow  -Wsign-promo'
===== BUILD LOG =====
Change Dir: /home/pi/cscapstoneproject-pihomesecurity/opencv/opencv/build/CMakeFiles/CMakeTmp

Run Build Command:"/usr/bin/make" "cmTC_47601/fast"
/usr/bin/make -f CMakeFiles/cmTC_47601.dir/build.make CMakeFiles/cmTC_47601.dir/build
make[1]: Entering directory '/home/pi/cscapstoneproject-pihomesecurity/opencv/opencv/build/CMakeFiles/CMakeTmp'
Building C object CMakeFiles/cmTC_47601.dir/src.c.o
/usr/bin/cc   -O3 -DNDEBUG -fPIE   -fsigned-char -W -Wall -Werror=return-type -Werror=non-virtual-dtor -Werror=address -Werror=sequence-point -Wformat -Werror=format-security -Wmissing-declarations -Wmissing-prototypes -Wstrict-prototypes -Wundef -Winit-self -Wpointer-arith -Wshadow -Wsign-promo -o CMakeFiles/cmTC_47601.dir/src.c.o   -c /home/pi/cscapstoneproject-pihomesecurity/opencv/opencv/build/CMakeFiles/CMakeTmp/src.c
cc1: warning: command line option ‘-Wsign-promo’ is valid for C++/ObjC++ but not for C
/home/pi/cscapstoneproject-pihomesecurity/opencv/opencv/build/CMakeFiles/CMakeTmp/src.c:1: warning: ignoring #pragma   [-Wunknown-pragmas]
 #pragma
 
Linking C executable cmTC_47601
/usr/bin/cmake -E cmake_link_script CMakeFiles/cmTC_47601.dir/link.txt --verbose=1
/usr/bin/cc   -O3 -DNDEBUG    CMakeFiles/cmTC_47601.dir/src.c.o  -o cmTC_47601 
make[1]: Leaving directory '/home/pi/cscapstoneproject-pihomesecurity/opencv/opencv/build/CMakeFiles/CMakeTmp'

===== END =====

Build output check failed:
    Regex: 'command line option .* is valid for .* but not for C'
    Output line: 'cc1: warning: command line option ‘-Wno-delete-non-virtual-dtor’ is valid for C++/ObjC++ but not for C'
Compilation failed:
    source file: '/home/pi/cscapstoneproject-pihomesecurity/opencv/opencv/build/CMakeFiles/CMakeTmp/src.c'
    check option: ' -fsigned-char -W -Wall -Werror=return-type -Werror=non-virtual-dtor -Werror=address -Werror=sequence-point -Wformat -Werror=format-security -Wmissing-declarations -Wmissing-prototypes -Wstrict-prototypes -Wundef -Winit-self -Wpointer-arith -Wshadow -Wuninitialized -Winit-self -Wno-narrowing  -Wno-delete-non-virtual-dtor'
===== BUILD LOG =====
Change Dir: /home/pi/cscapstoneproject-pihomesecurity/opencv/opencv/build/CMakeFiles/CMakeTmp

Run Build Command:"/usr/bin/make" "cmTC_6b918/fast"
/usr/bin/make -f CMakeFiles/cmTC_6b918.dir/build.make CMakeFiles/cmTC_6b918.dir/build
make[1]: Entering directory '/home/pi/cscapstoneproject-pihomesecurity/opencv/opencv/build/CMakeFiles/CMakeTmp'
Building C object CMakeFiles/cmTC_6b918.dir/src.c.o
/usr/bin/cc   -O3 -DNDEBUG -fPIE   -fsigned-char -W -Wall -Werror=return-type -Werror=non-virtual-dtor -Werror=address -Werror=sequence-point -Wformat -Werror=format-security -Wmissing-declarations -Wmissing-prototypes -Wstrict-prototypes -Wundef -Winit-self -Wpointer-arith -Wshadow -Wuninitialized -Winit-self -Wno-narrowing -Wno-delete-non-virtual-dtor -o CMakeFiles/cmTC_6b918.dir/src.c.o   -c /home/pi/cscapstoneproject-pihomesecurity/opencv/opencv/build/CMakeFiles/CMakeTmp/src.c
cc1: warning: command line option ‘-Wno-delete-non-virtual-dtor’ is valid for C++/ObjC++ but not for C
/home/pi/cscapstoneproject-pihomesecurity/opencv/opencv/build/CMakeFiles/CMakeTmp/src.c:1: warning: ignoring #pragma   [-Wunknown-pragmas]
 #pragma
 
Linking C executable cmTC_6b918
/usr/bin/cmake -E cmake_link_script CMakeFiles/cmTC_6b918.dir/link.txt --verbose=1
/usr/bin/cc   -O3 -DNDEBUG    CMakeFiles/cmTC_6b918.dir/src.c.o  -o cmTC_6b918 
make[1]: Leaving directory '/home/pi/cscapstoneproject-pihomesecurity/opencv/opencv/build/CMakeFiles/CMakeTmp'

===== END =====

Build output check failed:
    Regex: 'unrecognized .*option'
    Output line: 'cc1plus: warning: unrecognized command line option ‘-Wno-unnamed-type-template-args’'
Compilation failed:
    source file: '/home/pi/cscapstoneproject-pihomesecurity/opencv/opencv/build/CMakeFiles/CMakeTmp/src.cxx'
    check option: ' -fsigned-char -W -Wall -Werror=return-type -Werror=non-virtual-dtor -Werror=address -Werror=sequence-point -Wformat -Werror=format-security -Wmissing-declarations -Wundef -Winit-self -Wpointer-arith -Wshadow -Wsign-promo -Wuninitialized -Winit-self -Wno-narrowing -Wno-delete-non-virtual-dtor  -Wno-unnamed-type-template-args'
===== BUILD LOG =====
Change Dir: /home/pi/cscapstoneproject-pihomesecurity/opencv/opencv/build/CMakeFiles/CMakeTmp

Run Build Command:"/usr/bin/make" "cmTC_4b6fd/fast"
/usr/bin/make -f CMakeFiles/cmTC_4b6fd.dir/build.make CMakeFiles/cmTC_4b6fd.dir/build
make[1]: Entering directory '/home/pi/cscapstoneproject-pihomesecurity/opencv/opencv/build/CMakeFiles/CMakeTmp'
Building CXX object CMakeFiles/cmTC_4b6fd.dir/src.cxx.o
/usr/bin/c++    -O3 -DNDEBUG -fPIE   -fsigned-char -W -Wall -Werror=return-type -Werror=non-virtual-dtor -Werror=address -Werror=sequence-point -Wformat -Werror=format-security -Wmissing-declarations -Wundef -Winit-self -Wpointer-arith -Wshadow -Wsign-promo -Wuninitialized -Winit-self -Wno-narrowing -Wno-delete-non-virtual-dtor -Wno-unnamed-type-template-args -std=c++11 -o CMakeFiles/cmTC_4b6fd.dir/src.cxx.o -c /home/pi/cscapstoneproject-pihomesecurity/opencv/opencv/build/CMakeFiles/CMakeTmp/src.cxx
/home/pi/cscapstoneproject-pihomesecurity/opencv/opencv/build/CMakeFiles/CMakeTmp/src.cxx:1: warning: ignoring #pragma   [-Wunknown-pragmas]
 #pragma
 
cc1plus: warning: unrecognized command line option ‘-Wno-unnamed-type-template-args’
Linking CXX executable cmTC_4b6fd
/usr/bin/cmake -E cmake_link_script CMakeFiles/cmTC_4b6fd.dir/link.txt --verbose=1
/usr/bin/c++    -O3 -DNDEBUG    CMakeFiles/cmTC_4b6fd.dir/src.cxx.o  -o cmTC_4b6fd 
make[1]: Leaving directory '/home/pi/cscapstoneproject-pihomesecurity/opencv/opencv/build/CMakeFiles/CMakeTmp'

===== END =====

Build output check failed:
    Regex: 'unrecognized .*option'
    Output line: 'cc1: warning: unrecognized command line option ‘-Wno-unnamed-type-template-args’'
Compilation failed:
    source file: '/home/pi/cscapstoneproject-pihomesecurity/opencv/opencv/build/CMakeFiles/CMakeTmp/src.c'
    check option: ' -fsigned-char -W -Wall -Werror=return-type -Werror=non-virtual-dtor -Werror=address -Werror=sequence-point -Wformat -Werror=format-security -Wmissing-declarations -Wmissing-prototypes -Wstrict-prototypes -Wundef -Winit-self -Wpointer-arith -Wshadow -Wuninitialized -Winit-self -Wno-narrowing  -Wno-unnamed-type-template-args'
===== BUILD LOG =====
Change Dir: /home/pi/cscapstoneproject-pihomesecurity/opencv/opencv/build/CMakeFiles/CMakeTmp

Run Build Command:"/usr/bin/make" "cmTC_b8580/fast"
/usr/bin/make -f CMakeFiles/cmTC_b8580.dir/build.make CMakeFiles/cmTC_b8580.dir/build
make[1]: Entering directory '/home/pi/cscapstoneproject-pihomesecurity/opencv/opencv/build/CMakeFiles/CMakeTmp'
Building C object CMakeFiles/cmTC_b8580.dir/src.c.o
/usr/bin/cc   -O3 -DNDEBUG -fPIE   -fsigned-char -W -Wall -Werror=return-type -Werror=non-virtual-dtor -Werror=address -Werror=sequence-point -Wformat -Werror=format-security -Wmissing-declarations -Wmissing-prototypes -Wstrict-prototypes -Wundef -Winit-self -Wpointer-arith -Wshadow -Wuninitialized -Winit-self -Wno-narrowing -Wno-unnamed-type-template-args -o CMakeFiles/cmTC_b8580.dir/src.c.o   -c /home/pi/cscapstoneproject-pihomesecurity/opencv/opencv/build/CMakeFiles/CMakeTmp/src.c
/home/pi/cscapstoneproject-pihomesecurity/opencv/opencv/build/CMakeFiles/CMakeTmp/src.c:1: warning: ignoring #pragma   [-Wunknown-pragmas]
 #pragma
 
cc1: warning: unrecognized command line option ‘-Wno-unnamed-type-template-args’
Linking C executable cmTC_b8580
/usr/bin/cmake -E cmake_link_script CMakeFiles/cmTC_b8580.dir/link.txt --verbose=1
/usr/bin/cc   -O3 -DNDEBUG    CMakeFiles/cmTC_b8580.dir/src.c.o  -o cmTC_b8580 
make[1]: Leaving directory '/home/pi/cscapstoneproject-pihomesecurity/opencv/opencv/build/CMakeFiles/CMakeTmp'

===== END =====

Compilation failed:
    source file: '/home/pi/cscapstoneproject-pihomesecurity/opencv/opencv/cmake/checks/cpu_neon.cpp'
    check option: ''
===== BUILD LOG =====
Change Dir: /home/pi/cscapstoneproject-pihomesecurity/opencv/opencv/build/CMakeFiles/CMakeTmp

Run Build Command:"/usr/bin/make" "cmTC_a720b/fast"
/usr/bin/make -f CMakeFiles/cmTC_a720b.dir/build.make CMakeFiles/cmTC_a720b.dir/build
make[1]: Entering directory '/home/pi/cscapstoneproject-pihomesecurity/opencv/opencv/build/CMakeFiles/CMakeTmp'
Building CXX object CMakeFiles/cmTC_a720b.dir/cpu_neon.cpp.o
/usr/bin/c++    -O3 -DNDEBUG -fPIE   -std=c++11 -o CMakeFiles/cmTC_a720b.dir/cpu_neon.cpp.o -c /home/pi/cscapstoneproject-pihomesecurity/opencv/opencv/cmake/checks/cpu_neon.cpp
/home/pi/cscapstoneproject-pihomesecurity/opencv/opencv/cmake/checks/cpu_neon.cpp:20:2: error: #error "NEON is not supported"
 #error "NEON is not supported"
  ^~~~~
/home/pi/cscapstoneproject-pihomesecurity/opencv/opencv/cmake/checks/cpu_neon.cpp: In function ‘int main()’:
/home/pi/cscapstoneproject-pihomesecurity/opencv/opencv/cmake/checks/cpu_neon.cpp:25:18: error: ‘test’ was not declared in this scope
   printf("%d\n", test());
                  ^~~~
make[1]: *** [CMakeFiles/cmTC_a720b.dir/build.make:66: CMakeFiles/cmTC_a720b.dir/cpu_neon.cpp.o] Error 1
make[1]: Leaving directory '/home/pi/cscapstoneproject-pihomesecurity/opencv/opencv/build/CMakeFiles/CMakeTmp'
make: *** [Makefile:121: cmTC_a720b/fast] Error 2

===== END =====

Compilation failed:
    source file: '/home/pi/cscapstoneproject-pihomesecurity/opencv/opencv/cmake/checks/cpu_fp16.cpp'
    check option: ''
===== BUILD LOG =====
Change Dir: /home/pi/cscapstoneproject-pihomesecurity/opencv/opencv/build/CMakeFiles/CMakeTmp

Run Build Command:"/usr/bin/make" "cmTC_7b1bd/fast"
/usr/bin/make -f CMakeFiles/cmTC_7b1bd.dir/build.make CMakeFiles/cmTC_7b1bd.dir/build
make[1]: Entering directory '/home/pi/cscapstoneproject-pihomesecurity/opencv/opencv/build/CMakeFiles/CMakeTmp'
Building CXX object CMakeFiles/cmTC_7b1bd.dir/cpu_fp16.cpp.o
/usr/bin/c++    -O3 -DNDEBUG -fPIE   -std=c++11 -o CMakeFiles/cmTC_7b1bd.dir/cpu_fp16.cpp.o -c /home/pi/cscapstoneproject-pihomesecurity/opencv/opencv/cmake/checks/cpu_fp16.cpp
/home/pi/cscapstoneproject-pihomesecurity/opencv/opencv/cmake/checks/cpu_fp16.cpp: In function ‘int test()’:
/home/pi/cscapstoneproject-pihomesecurity/opencv/opencv/cmake/checks/cpu_fp16.cpp:21:5: error: ‘float16x4_t’ was not declared in this scope
     float16x4_t v_dst = vcvt_f16_f32(v_src);
     ^~~~~~~~~~~
/home/pi/cscapstoneproject-pihomesecurity/opencv/opencv/cmake/checks/cpu_fp16.cpp:21:5: note: suggested alternative: ‘float32x4_t’
     float16x4_t v_dst = vcvt_f16_f32(v_src);
     ^~~~~~~~~~~
     float32x4_t
/home/pi/cscapstoneproject-pihomesecurity/opencv/opencv/cmake/checks/cpu_fp16.cpp:22:19: error: expected primary-expression before ‘)’ token
     *(float16x4_t*)dst = v_dst;
                   ^
make[1]: *** [CMakeFiles/cmTC_7b1bd.dir/build.make:66: CMakeFiles/cmTC_7b1bd.dir/cpu_fp16.cpp.o] Error 1
make[1]: Leaving directory '/home/pi/cscapstoneproject-pihomesecurity/opencv/opencv/build/CMakeFiles/CMakeTmp'
make: *** [Makefile:121: cmTC_7b1bd/fast] Error 2

===== END =====

Compilation failed:
    source file: '/home/pi/cscapstoneproject-pihomesecurity/opencv/opencv/cmake/checks/cpu_fp16.cpp'
    check option: ' -mfpu=neon-fp16'
===== BUILD LOG =====
Change Dir: /home/pi/cscapstoneproject-pihomesecurity/opencv/opencv/build/CMakeFiles/CMakeTmp

Run Build Command:"/usr/bin/make" "cmTC_6985e/fast"
/usr/bin/make -f CMakeFiles/cmTC_6985e.dir/build.make CMakeFiles/cmTC_6985e.dir/build
make[1]: Entering directory '/home/pi/cscapstoneproject-pihomesecurity/opencv/opencv/build/CMakeFiles/CMakeTmp'
Building CXX object CMakeFiles/cmTC_6985e.dir/cpu_fp16.cpp.o
/usr/bin/c++    -O3 -DNDEBUG -fPIE   -mfpu=neon-fp16 -std=c++11 -o CMakeFiles/cmTC_6985e.dir/cpu_fp16.cpp.o -c /home/pi/cscapstoneproject-pihomesecurity/opencv/opencv/cmake/checks/cpu_fp16.cpp
/home/pi/cscapstoneproject-pihomesecurity/opencv/opencv/cmake/checks/cpu_fp16.cpp: In function ‘int test()’:
/home/pi/cscapstoneproject-pihomesecurity/opencv/opencv/cmake/checks/cpu_fp16.cpp:21:5: error: ‘float16x4_t’ was not declared in this scope
     float16x4_t v_dst = vcvt_f16_f32(v_src);
     ^~~~~~~~~~~
/home/pi/cscapstoneproject-pihomesecurity/opencv/opencv/cmake/checks/cpu_fp16.cpp:21:5: note: suggested alternative: ‘float32x4_t’
     float16x4_t v_dst = vcvt_f16_f32(v_src);
     ^~~~~~~~~~~
     float32x4_t
/home/pi/cscapstoneproject-pihomesecurity/opencv/opencv/cmake/checks/cpu_fp16.cpp:22:19: error: expected primary-expression before ‘)’ token
     *(float16x4_t*)dst = v_dst;
                   ^
make[1]: *** [CMakeFiles/cmTC_6985e.dir/build.make:66: CMakeFiles/cmTC_6985e.dir/cpu_fp16.cpp.o] Error 1
make[1]: Leaving directory '/home/pi/cscapstoneproject-pihomesecurity/opencv/opencv/build/CMakeFiles/CMakeTmp'
make: *** [Makefile:121: cmTC_6985e/fast] Error 2

===== END =====

Build output check failed:
    Regex: 'command line option .* is valid for .* but not for C'
    Output line: 'cc1: warning: command line option ‘-fvisibility-inlines-hidden’ is valid for C++/ObjC++ but not for C'
Compilation failed:
    source file: '/home/pi/cscapstoneproject-pihomesecurity/opencv/opencv/build/CMakeFiles/CMakeTmp/src.c'
    check option: ' -fsigned-char -W -Wall -Werror=return-type -Werror=non-virtual-dtor -Werror=address -Werror=sequence-point -Wformat -Werror=format-security -Wmissing-declarations -Wmissing-prototypes -Wstrict-prototypes -Wundef -Winit-self -Wpointer-arith -Wshadow -Wuninitialized -Winit-self -Wno-narrowing -Wno-comment -Wimplicit-fallthrough=3 -Wno-strict-overflow -fdiagnostics-show-option -pthread -fomit-frame-pointer -ffunction-sections -fdata-sections  -mfp16-format=ieee -fvisibility=hidden  -fvisibility-inlines-hidden'
===== BUILD LOG =====
Change Dir: /home/pi/cscapstoneproject-pihomesecurity/opencv/opencv/build/CMakeFiles/CMakeTmp

Run Build Command:"/usr/bin/make" "cmTC_90cb9/fast"
/usr/bin/make -f CMakeFiles/cmTC_90cb9.dir/build.make CMakeFiles/cmTC_90cb9.dir/build
make[1]: Entering directory '/home/pi/cscapstoneproject-pihomesecurity/opencv/opencv/build/CMakeFiles/CMakeTmp'
Building C object CMakeFiles/cmTC_90cb9.dir/src.c.o
/usr/bin/cc   -O3 -DNDEBUG -fPIE   -fsigned-char -W -Wall -Werror=return-type -Werror=non-virtual-dtor -Werror=address -Werror=sequence-point -Wformat -Werror=format-security -Wmissing-declarations -Wmissing-prototypes -Wstrict-prototypes -Wundef -Winit-self -Wpointer-arith -Wshadow -Wuninitialized -Winit-self -Wno-narrowing -Wno-comment -Wimplicit-fallthrough=3 -Wno-strict-overflow -fdiagnostics-show-option -pthread -fomit-frame-pointer -ffunction-sections -fdata-sections -mfp16-format=ieee -fvisibility=hidden -fvisibility-inlines-hidden -o CMakeFiles/cmTC_90cb9.dir/src.c.o   -c /home/pi/cscapstoneproject-pihomesecurity/opencv/opencv/build/CMakeFiles/CMakeTmp/src.c
cc1: warning: command line option ‘-fvisibility-inlines-hidden’ is valid for C++/ObjC++ but not for C
/home/pi/cscapstoneproject-pihomesecurity/opencv/opencv/build/CMakeFiles/CMakeTmp/src.c:1: warning: ignoring #pragma   [-Wunknown-pragmas]
 #pragma
 
Linking C executable cmTC_90cb9
/usr/bin/cmake -E cmake_link_script CMakeFiles/cmTC_90cb9.dir/link.txt --verbose=1
/usr/bin/cc   -O3 -DNDEBUG    CMakeFiles/cmTC_90cb9.dir/src.c.o  -o cmTC_90cb9 
make[1]: Leaving directory '/home/pi/cscapstoneproject-pihomesecurity/opencv/opencv/build/CMakeFiles/CMakeTmp'

===== END =====

Build output check failed:
    Regex: 'unrecognized .*option'
    Output line: 'cc1: warning: unrecognized command line option ‘-Wno-absolute-value’'
Compilation failed:
    source file: '/home/pi/cscapstoneproject-pihomesecurity/opencv/opencv/build/CMakeFiles/CMakeTmp/src.c'
    check option: ' -Wno-absolute-value'
===== BUILD LOG =====
Change Dir: /home/pi/cscapstoneproject-pihomesecurity/opencv/opencv/build/CMakeFiles/CMakeTmp

Run Build Command:"/usr/bin/make" "cmTC_8e2ad/fast"
/usr/bin/make -f CMakeFiles/cmTC_8e2ad.dir/build.make CMakeFiles/cmTC_8e2ad.dir/build
make[1]: Entering directory '/home/pi/cscapstoneproject-pihomesecurity/opencv/opencv/build/CMakeFiles/CMakeTmp'
Building C object CMakeFiles/cmTC_8e2ad.dir/src.c.o
/usr/bin/cc   -fsigned-char -W -Wall -Werror=return-type -Werror=non-virtual-dtor -Werror=address -Werror=sequence-point -Wformat -Werror=format-security   -Wstrict-prototypes -Wundef -Winit-self -Wpointer-arith  -Wuninitialized -Winit-self -Wno-narrowing -Wno-comment -Wimplicit-fallthrough=3 -Wno-strict-overflow -fdiagnostics-show-option -pthread -fomit-frame-pointer -ffunction-sections -fdata-sections  -mfp16-format=ieee -fvisibility=hidden -Wno-implicit-function-declaration -Wno-uninitialized -Wno-missing-prototypes -Wno-unused-but-set-parameter -Wno-missing-declarations -Wno-unused -Wno-shadow -Wno-sign-compare -Wno-strict-overflow -Wno-pointer-compare  -O3 -DNDEBUG -fPIE   -Wno-absolute-value -o CMakeFiles/cmTC_8e2ad.dir/src.c.o   -c /home/pi/cscapstoneproject-pihomesecurity/opencv/opencv/build/CMakeFiles/CMakeTmp/src.c
/home/pi/cscapstoneproject-pihomesecurity/opencv/opencv/build/CMakeFiles/CMakeTmp/src.c:1: warning: ignoring #pragma   [-Wunknown-pragmas]
 #pragma
 
cc1: warning: unrecognized command line option ‘-Wno-absolute-value’
Linking C executable cmTC_8e2ad
/usr/bin/cmake -E cmake_link_script CMakeFiles/cmTC_8e2ad.dir/link.txt --verbose=1
/usr/bin/cc    -fsigned-char -W -Wall -Werror=return-type -Werror=non-virtual-dtor -Werror=address -Werror=sequence-point -Wformat -Werror=format-security   -Wstrict-prototypes -Wundef -Winit-self -Wpointer-arith  -Wuninitialized -Winit-self -Wno-narrowing -Wno-comment -Wimplicit-fallthrough=3 -Wno-strict-overflow -fdiagnostics-show-option -pthread -fomit-frame-pointer -ffunction-sections -fdata-sections  -mfp16-format=ieee -fvisibility=hidden -Wno-implicit-function-declaration -Wno-uninitialized -Wno-missing-prototypes -Wno-unused-but-set-parameter -Wno-missing-declarations -Wno-unused -Wno-shadow -Wno-sign-compare -Wno-strict-overflow -Wno-pointer-compare  -O3 -DNDEBUG    -Wl,--gc-sections  CMakeFiles/cmTC_8e2ad.dir/src.c.o  -o cmTC_8e2ad 
make[1]: Leaving directory '/home/pi/cscapstoneproject-pihomesecurity/opencv/opencv/build/CMakeFiles/CMakeTmp'

===== END =====

Build output check failed:
    Regex: 'unrecognized .*option'
    Output line: 'cc1plus: warning: unrecognized command line option ‘-Wno-inconsistent-missing-override’'
Compilation failed:
    source file: '/home/pi/cscapstoneproject-pihomesecurity/opencv/opencv/build/CMakeFiles/CMakeTmp/src.cxx'
    check option: ' -Wno-inconsistent-missing-override'
===== BUILD LOG =====
Change Dir: /home/pi/cscapstoneproject-pihomesecurity/opencv/opencv/build/CMakeFiles/CMakeTmp

Run Build Command:"/usr/bin/make" "cmTC_59000/fast"
/usr/bin/make -f CMakeFiles/cmTC_59000.dir/build.make CMakeFiles/cmTC_59000.dir/build
make[1]: Entering directory '/home/pi/cscapstoneproject-pihomesecurity/opencv/opencv/build/CMakeFiles/CMakeTmp'
Building CXX object CMakeFiles/cmTC_59000.dir/src.cxx.o
/usr/bin/c++    -fsigned-char -W -Wall -Werror=return-type -Werror=non-virtual-dtor -Werror=address -Werror=sequence-point -Wformat -Werror=format-security   -Winit-self -Wpointer-arith  -Wsign-promo  -Winit-self -Wno-narrowing -Wno-delete-non-virtual-dtor -Wno-comment -Wimplicit-fallthrough=3 -Wno-strict-overflow -fdiagnostics-show-option -pthread -fomit-frame-pointer -ffunction-sections -fdata-sections  -mfp16-format=ieee -fvisibility=hidden -fvisibility-inlines-hidden -Wno-shadow -Wno-unused -Wno-sign-compare -Wno-undef -Wno-missing-declarations -Wno-uninitialized -Wno-switch -Wno-parentheses -Wno-array-bounds -Wno-extra -Wno-deprecated-declarations -Wno-misleading-indentation -Wno-deprecated -Wno-suggest-override  -O3 -DNDEBUG -fPIE   -Wno-inconsistent-missing-override -std=c++11 -o CMakeFiles/cmTC_59000.dir/src.cxx.o -c /home/pi/cscapstoneproject-pihomesecurity/opencv/opencv/build/CMakeFiles/CMakeTmp/src.cxx
/home/pi/cscapstoneproject-pihomesecurity/opencv/opencv/build/CMakeFiles/CMakeTmp/src.cxx:1: warning: ignoring #pragma   [-Wunknown-pragmas]
 #pragma
 
cc1plus: warning: unrecognized command line option ‘-Wno-inconsistent-missing-override’
Linking CXX executable cmTC_59000
/usr/bin/cmake -E cmake_link_script CMakeFiles/cmTC_59000.dir/link.txt --verbose=1
/usr/bin/c++     -fsigned-char -W -Wall -Werror=return-type -Werror=non-virtual-dtor -Werror=address -Werror=sequence-point -Wformat -Werror=format-security   -Winit-self -Wpointer-arith  -Wsign-promo  -Winit-self -Wno-narrowing -Wno-delete-non-virtual-dtor -Wno-comment -Wimplicit-fallthrough=3 -Wno-strict-overflow -fdiagnostics-show-option -pthread -fomit-frame-pointer -ffunction-sections -fdata-sections  -mfp16-format=ieee -fvisibility=hidden -fvisibility-inlines-hidden -Wno-shadow -Wno-unused -Wno-sign-compare -Wno-undef -Wno-missing-declarations -Wno-uninitialized -Wno-switch -Wno-parentheses -Wno-array-bounds -Wno-extra -Wno-deprecated-declarations -Wno-misleading-indentation -Wno-deprecated -Wno-suggest-override  -O3 -DNDEBUG    -Wl,--gc-sections  CMakeFiles/cmTC_59000.dir/src.cxx.o  -o cmTC_59000 
make[1]: Leaving directory '/home/pi/cscapstoneproject-pihomesecurity/opencv/opencv/build/CMakeFiles/CMakeTmp'

===== END =====

Determining if the include file sys/videoio.h exists failed with the following output:
Change Dir: /home/pi/cscapstoneproject-pihomesecurity/opencv/opencv/build/CMakeFiles/CMakeTmp

Run Build Command:"/usr/bin/make" "cmTC_a2191/fast"
/usr/bin/make -f CMakeFiles/cmTC_a2191.dir/build.make CMakeFiles/cmTC_a2191.dir/build
make[1]: Entering directory '/home/pi/cscapstoneproject-pihomesecurity/opencv/opencv/build/CMakeFiles/CMakeTmp'
Building C object CMakeFiles/cmTC_a2191.dir/CheckIncludeFile.c.o
/usr/bin/cc   -fsigned-char -W -Wall -Werror=return-type -Werror=non-virtual-dtor -Werror=address -Werror=sequence-point -Wformat -Werror=format-security -Wmissing-declarations -Wmissing-prototypes -Wstrict-prototypes -Wundef -Winit-self -Wpointer-arith -Wshadow -Wuninitialized -Winit-self -Wno-narrowing -Wno-comment -Wimplicit-fallthrough=3 -Wno-strict-overflow -fdiagnostics-show-option -pthread -fomit-frame-pointer -ffunction-sections -fdata-sections  -mfp16-format=ieee -fvisibility=hidden  -O3 -DNDEBUG -fPIE   -o CMakeFiles/cmTC_a2191.dir/CheckIncludeFile.c.o   -c /home/pi/cscapstoneproject-pihomesecurity/opencv/opencv/build/CMakeFiles/CMakeTmp/CheckIncludeFile.c
/home/pi/cscapstoneproject-pihomesecurity/opencv/opencv/build/CMakeFiles/CMakeTmp/CheckIncludeFile.c:1:10: fatal error: sys/videoio.h: No such file or directory
 #include <sys/videoio.h>
          ^~~~~~~~~~~~~~~
compilation terminated.
make[1]: *** [CMakeFiles/cmTC_a2191.dir/build.make:66: CMakeFiles/cmTC_a2191.dir/CheckIncludeFile.c.o] Error 1
make[1]: Leaving directory '/home/pi/cscapstoneproject-pihomesecurity/opencv/opencv/build/CMakeFiles/CMakeTmp'
make: *** [Makefile:121: cmTC_a2191/fast] Error 2


Determining if the function sgemm_ exists failed with the following output:
Change Dir: /home/pi/cscapstoneproject-pihomesecurity/opencv/opencv/build/CMakeFiles/CMakeTmp

Run Build Command:"/usr/bin/make" "cmTC_f7979/fast"
/usr/bin/make -f CMakeFiles/cmTC_f7979.dir/build.make CMakeFiles/cmTC_f7979.dir/build
make[1]: Entering directory '/home/pi/cscapstoneproject-pihomesecurity/opencv/opencv/build/CMakeFiles/CMakeTmp'
Building C object CMakeFiles/cmTC_f7979.dir/CheckFunctionExists.c.o
/usr/bin/cc   -fsigned-char -W -Wall -Werror=return-type -Werror=non-virtual-dtor -Werror=address -Werror=sequence-point -Wformat -Werror=format-security -Wmissing-declarations -Wmissing-prototypes -Wstrict-prototypes -Wundef -Winit-self -Wpointer-arith -Wshadow -Wuninitialized -Winit-self -Wno-narrowing -Wno-comment -Wimplicit-fallthrough=3 -Wno-strict-overflow -fdiagnostics-show-option -pthread -fomit-frame-pointer -ffunction-sections -fdata-sections  -mfp16-format=ieee -fvisibility=hidden -DCHECK_FUNCTION_EXISTS=sgemm_ -O3 -DNDEBUG -fPIE   -o CMakeFiles/cmTC_f7979.dir/CheckFunctionExists.c.o   -c /usr/share/cmake-3.13/Modules/CheckFunctionExists.c
Linking C executable cmTC_f7979
/usr/bin/cmake -E cmake_link_script CMakeFiles/cmTC_f7979.dir/link.txt --verbose=1
/usr/bin/cc    -fsigned-char -W -Wall -Werror=return-type -Werror=non-virtual-dtor -Werror=address -Werror=sequence-point -Wformat -Werror=format-security -Wmissing-declarations -Wmissing-prototypes -Wstrict-prototypes -Wundef -Winit-self -Wpointer-arith -Wshadow -Wuninitialized -Winit-self -Wno-narrowing -Wno-comment -Wimplicit-fallthrough=3 -Wno-strict-overflow -fdiagnostics-show-option -pthread -fomit-frame-pointer -ffunction-sections -fdata-sections  -mfp16-format=ieee -fvisibility=hidden -DCHECK_FUNCTION_EXISTS=sgemm_ -O3 -DNDEBUG    -Wl,--gc-sections  CMakeFiles/cmTC_f7979.dir/CheckFunctionExists.c.o  -o cmTC_f7979 
/usr/bin/ld: CMakeFiles/cmTC_f7979.dir/CheckFunctionExists.c.o: in function `main':
CheckFunctionExists.c:(.text.startup.main+0xc): undefined reference to `sgemm_'
collect2: error: ld returned 1 exit status
make[1]: *** [CMakeFiles/cmTC_f7979.dir/build.make:87: cmTC_f7979] Error 1
make[1]: Leaving directory '/home/pi/cscapstoneproject-pihomesecurity/opencv/opencv/build/CMakeFiles/CMakeTmp'
make: *** [Makefile:121: cmTC_f7979/fast] Error 2


Build output check failed:
    Regex: 'command line option .* is valid for .* but not for C\+\+'
    Output line: 'cc1plus: warning: command line option ‘-Wno-missing-prototypes’ is valid for C/ObjC but not for C++'
Compilation failed:
    source file: '/home/pi/cscapstoneproject-pihomesecurity/opencv/opencv/build/CMakeFiles/CMakeTmp/src.cxx'
    check option: ' -Wno-missing-prototypes'
===== BUILD LOG =====
Change Dir: /home/pi/cscapstoneproject-pihomesecurity/opencv/opencv/build/CMakeFiles/CMakeTmp

Run Build Command:"/usr/bin/make" "cmTC_d58ec/fast"
/usr/bin/make -f CMakeFiles/cmTC_d58ec.dir/build.make CMakeFiles/cmTC_d58ec.dir/build
make[1]: Entering directory '/home/pi/cscapstoneproject-pihomesecurity/opencv/opencv/build/CMakeFiles/CMakeTmp'
Building CXX object CMakeFiles/cmTC_d58ec.dir/src.cxx.o
/usr/bin/c++    -fsigned-char -W -Wall -Werror=return-type -Werror=non-virtual-dtor -Werror=address -Werror=sequence-point -Wformat -Werror=format-security -Wmissing-declarations -Wundef -Winit-self -Wpointer-arith -Wshadow -Wsign-promo -Wuninitialized -Winit-self -Wno-narrowing -Wno-delete-non-virtual-dtor -Wno-comment -Wimplicit-fallthrough=3 -Wno-strict-overflow -fdiagnostics-show-option -pthread -fomit-frame-pointer -ffunction-sections -fdata-sections  -mfp16-format=ieee -fvisibility=hidden -fvisibility-inlines-hidden -Wno-deprecated  -O3 -DNDEBUG -fPIE   -Wno-missing-prototypes -std=c++11 -o CMakeFiles/cmTC_d58ec.dir/src.cxx.o -c /home/pi/cscapstoneproject-pihomesecurity/opencv/opencv/build/CMakeFiles/CMakeTmp/src.cxx
cc1plus: warning: command line option ‘-Wno-missing-prototypes’ is valid for C/ObjC but not for C++
/home/pi/cscapstoneproject-pihomesecurity/opencv/opencv/build/CMakeFiles/CMakeTmp/src.cxx:1: warning: ignoring #pragma   [-Wunknown-pragmas]
 #pragma
 
Linking CXX executable cmTC_d58ec
/usr/bin/cmake -E cmake_link_script CMakeFiles/cmTC_d58ec.dir/link.txt --verbose=1
/usr/bin/c++     -fsigned-char -W -Wall -Werror=return-type -Werror=non-virtual-dtor -Werror=address -Werror=sequence-point -Wformat -Werror=format-security -Wmissing-declarations -Wundef -Winit-self -Wpointer-arith -Wshadow -Wsign-promo -Wuninitialized -Winit-self -Wno-narrowing -Wno-delete-non-virtual-dtor -Wno-comment -Wimplicit-fallthrough=3 -Wno-strict-overflow -fdiagnostics-show-option -pthread -fomit-frame-pointer -ffunction-sections -fdata-sections  -mfp16-format=ieee -fvisibility=hidden -fvisibility-inlines-hidden -Wno-deprecated  -O3 -DNDEBUG    -Wl,--gc-sections  CMakeFiles/cmTC_d58ec.dir/src.cxx.o  -o cmTC_d58ec 
make[1]: Leaving directory '/home/pi/cscapstoneproject-pihomesecurity/opencv/opencv/build/CMakeFiles/CMakeTmp'

===== END =====

Build output check failed:
    Regex: 'unrecognized .*option'
    Output line: 'cc1plus: warning: unrecognized command line option ‘-Wno-tautological-undefined-compare’'
Compilation failed:
    source file: '/home/pi/cscapstoneproject-pihomesecurity/opencv/opencv/build/CMakeFiles/CMakeTmp/src.cxx'
    check option: ' -Wno-tautological-undefined-compare'
===== BUILD LOG =====
Change Dir: /home/pi/cscapstoneproject-pihomesecurity/opencv/opencv/build/CMakeFiles/CMakeTmp

Run Build Command:"/usr/bin/make" "cmTC_2e051/fast"
/usr/bin/make -f CMakeFiles/cmTC_2e051.dir/build.make CMakeFiles/cmTC_2e051.dir/build
make[1]: Entering directory '/home/pi/cscapstoneproject-pihomesecurity/opencv/opencv/build/CMakeFiles/CMakeTmp'
Building CXX object CMakeFiles/cmTC_2e051.dir/src.cxx.o
/usr/bin/c++    -fsigned-char -W -Wall -Werror=return-type -Werror=non-virtual-dtor -Werror=address -Werror=sequence-point -Wformat -Werror=format-security   -Winit-self -Wpointer-arith   -Wuninitialized -Winit-self -Wno-narrowing -Wno-delete-non-virtual-dtor -Wno-comment -Wimplicit-fallthrough=3 -Wno-strict-overflow -fdiagnostics-show-option -pthread -fomit-frame-pointer -ffunction-sections -fdata-sections  -mfp16-format=ieee -fvisibility=hidden -fvisibility-inlines-hidden -Wno-deprecated -Wno-missing-declarations -Wno-shadow -Wno-unused-parameter -Wno-unused-local-typedefs -Wno-sign-compare -Wno-sign-promo -Wno-undef  -O3 -DNDEBUG -fPIE   -Wno-tautological-undefined-compare -std=c++11 -o CMakeFiles/cmTC_2e051.dir/src.cxx.o -c /home/pi/cscapstoneproject-pihomesecurity/opencv/opencv/build/CMakeFiles/CMakeTmp/src.cxx
/home/pi/cscapstoneproject-pihomesecurity/opencv/opencv/build/CMakeFiles/CMakeTmp/src.cxx:1: warning: ignoring #pragma   [-Wunknown-pragmas]
 #pragma
 
cc1plus: warning: unrecognized command line option ‘-Wno-tautological-undefined-compare’
Linking CXX executable cmTC_2e051
/usr/bin/cmake -E cmake_link_script CMakeFiles/cmTC_2e051.dir/link.txt --verbose=1
/usr/bin/c++     -fsigned-char -W -Wall -Werror=return-type -Werror=non-virtual-dtor -Werror=address -Werror=sequence-point -Wformat -Werror=format-security   -Winit-self -Wpointer-arith   -Wuninitialized -Winit-self -Wno-narrowing -Wno-delete-non-virtual-dtor -Wno-comment -Wimplicit-fallthrough=3 -Wno-strict-overflow -fdiagnostics-show-option -pthread -fomit-frame-pointer -ffunction-sections -fdata-sections  -mfp16-format=ieee -fvisibility=hidden -fvisibility-inlines-hidden -Wno-deprecated -Wno-missing-declarations -Wno-shadow -Wno-unused-parameter -Wno-unused-local-typedefs -Wno-sign-compare -Wno-sign-promo -Wno-undef  -O3 -DNDEBUG    -Wl,--gc-sections  CMakeFiles/cmTC_2e051.dir/src.cxx.o  -o cmTC_2e051 
make[1]: Leaving directory '/home/pi/cscapstoneproject-pihomesecurity/opencv/opencv/build/CMakeFiles/CMakeTmp'

===== END =====

Build output check failed:
    Regex: 'unrecognized .*option'
    Output line: 'cc1plus: warning: unrecognized command line option ‘-Wno-shorten-64-to-32’'
Compilation failed:
    source file: '/home/pi/cscapstoneproject-pihomesecurity/opencv/opencv/build/CMakeFiles/CMakeTmp/src.cxx'
    check option: ' -Wno-shorten-64-to-32'
===== BUILD LOG =====
Change Dir: /home/pi/cscapstoneproject-pihomesecurity/opencv/opencv/build/CMakeFiles/CMakeTmp

Run Build Command:"/usr/bin/make" "cmTC_1831c/fast"
/usr/bin/make -f CMakeFiles/cmTC_1831c.dir/build.make CMakeFiles/cmTC_1831c.dir/build
make[1]: Entering directory '/home/pi/cscapstoneproject-pihomesecurity/opencv/opencv/build/CMakeFiles/CMakeTmp'
Building CXX object CMakeFiles/cmTC_1831c.dir/src.cxx.o
/usr/bin/c++    -fsigned-char -W -Wall -Werror=return-type -Werror=non-virtual-dtor -Werror=address -Werror=sequence-point -Wformat -Werror=format-security   -Winit-self -Wpointer-arith   -Wuninitialized -Winit-self -Wno-narrowing -Wno-delete-non-virtual-dtor -Wno-comment -Wimplicit-fallthrough=3 -Wno-strict-overflow -fdiagnostics-show-option -pthread -fomit-frame-pointer -ffunction-sections -fdata-sections  -mfp16-format=ieee -fvisibility=hidden -fvisibility-inlines-hidden -Wno-deprecated -Wno-missing-declarations -Wno-shadow -Wno-unused-parameter -Wno-unused-local-typedefs -Wno-sign-compare -Wno-sign-promo -Wno-undef -Wno-ignored-qualifiers -Wno-extra -Wno-unused-function -Wno-unused-const-variable  -O3 -DNDEBUG -fPIE   -Wno-shorten-64-to-32 -std=c++11 -o CMakeFiles/cmTC_1831c.dir/src.cxx.o -c /home/pi/cscapstoneproject-pihomesecurity/opencv/opencv/build/CMakeFiles/CMakeTmp/src.cxx
/home/pi/cscapstoneproject-pihomesecurity/opencv/opencv/build/CMakeFiles/CMakeTmp/src.cxx:1: warning: ignoring #pragma   [-Wunknown-pragmas]
 #pragma
 
cc1plus: warning: unrecognized command line option ‘-Wno-shorten-64-to-32’
Linking CXX executable cmTC_1831c
/usr/bin/cmake -E cmake_link_script CMakeFiles/cmTC_1831c.dir/link.txt --verbose=1
/usr/bin/c++     -fsigned-char -W -Wall -Werror=return-type -Werror=non-virtual-dtor -Werror=address -Werror=sequence-point -Wformat -Werror=format-security   -Winit-self -Wpointer-arith   -Wuninitialized -Winit-self -Wno-narrowing -Wno-delete-non-virtual-dtor -Wno-comment -Wimplicit-fallthrough=3 -Wno-strict-overflow -fdiagnostics-show-option -pthread -fomit-frame-pointer -ffunction-sections -fdata-sections  -mfp16-format=ieee -fvisibility=hidden -fvisibility-inlines-hidden -Wno-deprecated -Wno-missing-declarations -Wno-shadow -Wno-unused-parameter -Wno-unused-local-typedefs -Wno-sign-compare -Wno-sign-promo -Wno-undef -Wno-ignored-qualifiers -Wno-extra -Wno-unused-function -Wno-unused-const-variable  -O3 -DNDEBUG    -Wl,--gc-sections  CMakeFiles/cmTC_1831c.dir/src.cxx.o  -o cmTC_1831c 
make[1]: Leaving directory '/home/pi/cscapstoneproject-pihomesecurity/opencv/opencv/build/CMakeFiles/CMakeTmp'

===== END =====

Build output check failed:
    Regex: 'unrecognized .*option'
    Output line: 'cc1plus: warning: unrecognized command line option ‘-Wno-enum-compare-switch’'
Compilation failed:
    source file: '/home/pi/cscapstoneproject-pihomesecurity/opencv/opencv/build/CMakeFiles/CMakeTmp/src.cxx'
    check option: ' -Wno-enum-compare-switch'
===== BUILD LOG =====
Change Dir: /home/pi/cscapstoneproject-pihomesecurity/opencv/opencv/build/CMakeFiles/CMakeTmp

Run Build Command:"/usr/bin/make" "cmTC_75934/fast"
/usr/bin/make -f CMakeFiles/cmTC_75934.dir/build.make CMakeFiles/cmTC_75934.dir/build
make[1]: Entering directory '/home/pi/cscapstoneproject-pihomesecurity/opencv/opencv/build/CMakeFiles/CMakeTmp'
Building CXX object CMakeFiles/cmTC_75934.dir/src.cxx.o
/usr/bin/c++    -fsigned-char -W -Wall -Werror=return-type -Werror=non-virtual-dtor -Werror=address -Werror=sequence-point -Wformat -Werror=format-security   -Winit-self -Wpointer-arith   -Wuninitialized -Winit-self -Wno-narrowing -Wno-delete-non-virtual-dtor -Wno-comment -Wimplicit-fallthrough=3 -Wno-strict-overflow -fdiagnostics-show-option -pthread -fomit-frame-pointer -ffunction-sections -fdata-sections  -mfp16-format=ieee -fvisibility=hidden -fvisibility-inlines-hidden -Wno-deprecated -Wno-missing-declarations -Wno-shadow -Wno-unused-parameter -Wno-unused-local-typedefs -Wno-sign-compare -Wno-sign-promo -Wno-undef -Wno-ignored-qualifiers -Wno-extra -Wno-unused-function -Wno-unused-const-variable -Wno-invalid-offsetof  -O3 -DNDEBUG -fPIE   -Wno-enum-compare-switch -std=c++11 -o CMakeFiles/cmTC_75934.dir/src.cxx.o -c /home/pi/cscapstoneproject-pihomesecurity/opencv/opencv/build/CMakeFiles/CMakeTmp/src.cxx
/home/pi/cscapstoneproject-pihomesecurity/opencv/opencv/build/CMakeFiles/CMakeTmp/src.cxx:1: warning: ignoring #pragma   [-Wunknown-pragmas]
 #pragma
 
cc1plus: warning: unrecognized command line option ‘-Wno-enum-compare-switch’
Linking CXX executable cmTC_75934
/usr/bin/cmake -E cmake_link_script CMakeFiles/cmTC_75934.dir/link.txt --verbose=1
/usr/bin/c++     -fsigned-char -W -Wall -Werror=return-type -Werror=non-virtual-dtor -Werror=address -Werror=sequence-point -Wformat -Werror=format-security   -Winit-self -Wpointer-arith   -Wuninitialized -Winit-self -Wno-narrowing -Wno-delete-non-virtual-dtor -Wno-comment -Wimplicit-fallthrough=3 -Wno-strict-overflow -fdiagnostics-show-option -pthread -fomit-frame-pointer -ffunction-sections -fdata-sections  -mfp16-format=ieee -fvisibility=hidden -fvisibility-inlines-hidden -Wno-deprecated -Wno-missing-declarations -Wno-shadow -Wno-unused-parameter -Wno-unused-local-typedefs -Wno-sign-compare -Wno-sign-promo -Wno-undef -Wno-ignored-qualifiers -Wno-extra -Wno-unused-function -Wno-unused-const-variable -Wno-invalid-offsetof  -O3 -DNDEBUG    -Wl,--gc-sections  CMakeFiles/cmTC_75934.dir/src.cxx.o  -o cmTC_75934 
make[1]: Leaving directory '/home/pi/cscapstoneproject-pihomesecurity/opencv/opencv/build/CMakeFiles/CMakeTmp'

===== END =====

Build output check failed:
    Regex: 'unrecognized .*option'
    Output line: 'cc1plus: warning: unrecognized command line option ‘-Wno-unused-private-field’'
Compilation failed:
    source file: '/home/pi/cscapstoneproject-pihomesecurity/opencv/opencv/build/CMakeFiles/CMakeTmp/src.cxx'
    check option: ' -Wno-unused-private-field'
===== BUILD LOG =====
Change Dir: /home/pi/cscapstoneproject-pihomesecurity/opencv/opencv/build/CMakeFiles/CMakeTmp

Run Build Command:"/usr/bin/make" "cmTC_5e8a7/fast"
/usr/bin/make -f CMakeFiles/cmTC_5e8a7.dir/build.make CMakeFiles/cmTC_5e8a7.dir/build
make[1]: Entering directory '/home/pi/cscapstoneproject-pihomesecurity/opencv/opencv/build/CMakeFiles/CMakeTmp'
Building CXX object CMakeFiles/cmTC_5e8a7.dir/src.cxx.o
/usr/bin/c++    -fsigned-char -W -Wall -Werror=return-type -Werror=non-virtual-dtor -Werror=address -Werror=sequence-point -Wformat -Werror=format-security -Wmissing-declarations -Wundef -Winit-self -Wpointer-arith -Wshadow -Wsign-promo -Wuninitialized -Winit-self -Wno-narrowing -Wno-delete-non-virtual-dtor -Wno-comment -Wimplicit-fallthrough=3 -Wno-strict-overflow -fdiagnostics-show-option -pthread -fomit-frame-pointer -ffunction-sections -fdata-sections  -mfp16-format=ieee -fvisibility=hidden -fvisibility-inlines-hidden -Wno-unused-function -Wno-deprecated-declarations -Wno-overloaded-virtual  -O3 -DNDEBUG -fPIE   -Wno-unused-private-field -std=c++11 -o CMakeFiles/cmTC_5e8a7.dir/src.cxx.o -c /home/pi/cscapstoneproject-pihomesecurity/opencv/opencv/build/CMakeFiles/CMakeTmp/src.cxx
/home/pi/cscapstoneproject-pihomesecurity/opencv/opencv/build/CMakeFiles/CMakeTmp/src.cxx:1: warning: ignoring #pragma   [-Wunknown-pragmas]
 #pragma
 
cc1plus: warning: unrecognized command line option ‘-Wno-unused-private-field’
Linking CXX executable cmTC_5e8a7
/usr/bin/cmake -E cmake_link_script CMakeFiles/cmTC_5e8a7.dir/link.txt --verbose=1
/usr/bin/c++     -fsigned-char -W -Wall -Werror=return-type -Werror=non-virtual-dtor -Werror=address -Werror=sequence-point -Wformat -Werror=format-security -Wmissing-declarations -Wundef -Winit-self -Wpointer-arith -Wshadow -Wsign-promo -Wuninitialized -Winit-self -Wno-narrowing -Wno-delete-non-virtual-dtor -Wno-comment -Wimplicit-fallthrough=3 -Wno-strict-overflow -fdiagnostics-show-option -pthread -fomit-frame-pointer -ffunction-sections -fdata-sections  -mfp16-format=ieee -fvisibility=hidden -fvisibility-inlines-hidden -Wno-unused-function -Wno-deprecated-declarations -Wno-overloaded-virtual  -O3 -DNDEBUG    -Wl,--gc-sections  CMakeFiles/cmTC_5e8a7.dir/src.cxx.o  -o cmTC_5e8a7 
make[1]: Leaving directory '/home/pi/cscapstoneproject-pihomesecurity/opencv/opencv/build/CMakeFiles/CMakeTmp'

===== END =====

Determining if the include file sys/videoio.h exists failed with the following output:
Change Dir: /home/pi/cscapstoneproject-pihomesecurity/opencv/opencv/build/CMakeFiles/CMakeTmp

Run Build Command:"/usr/bin/make" "cmTC_fe068/fast"
/usr/bin/make -f CMakeFiles/cmTC_fe068.dir/build.make CMakeFiles/cmTC_fe068.dir/build
make[1]: Entering directory '/home/pi/cscapstoneproject-pihomesecurity/opencv/opencv/build/CMakeFiles/CMakeTmp'
Building C object CMakeFiles/cmTC_fe068.dir/CheckIncludeFile.c.o
/usr/bin/cc   -fsigned-char -W -Wall -Werror=return-type -Werror=non-virtual-dtor -Werror=address -Werror=sequence-point -Wformat -Werror=format-security -Wmissing-declarations -Wmissing-prototypes -Wstrict-prototypes -Wundef -Winit-self -Wpointer-arith -Wshadow -Wuninitialized -Winit-self -Wno-narrowing -Wno-comment -Wimplicit-fallthrough=3 -Wno-strict-overflow -fdiagnostics-show-option -pthread -fomit-frame-pointer -ffunction-sections -fdata-sections  -mfp16-format=ieee -fvisibility=hidden  -O3 -DNDEBUG -fPIE   -o CMakeFiles/cmTC_fe068.dir/CheckIncludeFile.c.o   -c /home/pi/cscapstoneproject-pihomesecurity/opencv/opencv/build/CMakeFiles/CMakeTmp/CheckIncludeFile.c
/home/pi/cscapstoneproject-pihomesecurity/opencv/opencv/build/CMakeFiles/CMakeTmp/CheckIncludeFile.c:1:10: fatal error: sys/videoio.h: No such file or directory
 #include <sys/videoio.h>
          ^~~~~~~~~~~~~~~
compilation terminated.
make[1]: *** [CMakeFiles/cmTC_fe068.dir/build.make:66: CMakeFiles/cmTC_fe068.dir/CheckIncludeFile.c.o] Error 1
make[1]: Leaving directory '/home/pi/cscapstoneproject-pihomesecurity/opencv/opencv/build/CMakeFiles/CMakeTmp'
make: *** [Makefile:121: cmTC_fe068/fast] Error 2


Determining if the include file sys/videoio.h exists failed with the following output:
Change Dir: /home/pi/cscapstoneproject-pihomesecurity/opencv/opencv/build/CMakeFiles/CMakeTmp

Run Build Command:"/usr/bin/make" "cmTC_0f81c/fast"
/usr/bin/make -f CMakeFiles/cmTC_0f81c.dir/build.make CMakeFiles/cmTC_0f81c.dir/build
make[1]: Entering directory '/home/pi/cscapstoneproject-pihomesecurity/opencv/opencv/build/CMakeFiles/CMakeTmp'
Building C object CMakeFiles/cmTC_0f81c.dir/CheckIncludeFile.c.o
/usr/bin/cc   -fsigned-char -W -Wall -Werror=return-type -Werror=non-virtual-dtor -Werror=address -Werror=sequence-point -Wformat -Werror=format-security -Wmissing-declarations -Wmissing-prototypes -Wstrict-prototypes -Wundef -Winit-self -Wpointer-arith -Wshadow -Wuninitialized -Winit-self -Wno-narrowing -Wno-comment -Wimplicit-fallthrough=3 -Wno-strict-overflow -fdiagnostics-show-option -pthread -fomit-frame-pointer -ffunction-sections -fdata-sections  -mfp16-format=ieee -fvisibility=hidden  -O3 -DNDEBUG -fPIE   -o CMakeFiles/cmTC_0f81c.dir/CheckIncludeFile.c.o   -c /home/pi/cscapstoneproject-pihomesecurity/opencv/opencv/build/CMakeFiles/CMakeTmp/CheckIncludeFile.c
/home/pi/cscapstoneproject-pihomesecurity/opencv/opencv/build/CMakeFiles/CMakeTmp/CheckIncludeFile.c:1:10: fatal error: sys/videoio.h: No such file or directory
 #include <sys/videoio.h>
          ^~~~~~~~~~~~~~~
compilation terminated.
make[1]: *** [CMakeFiles/cmTC_0f81c.dir/build.make:66: CMakeFiles/cmTC_0f81c.dir/CheckIncludeFile.c.o] Error 1
make[1]: Leaving directory '/home/pi/cscapstoneproject-pihomesecurity/opencv/opencv/build/CMakeFiles/CMakeTmp'
make: *** [Makefile:121: cmTC_0f81c/fast] Error 2


Determining if the include file sys/videoio.h exists failed with the following output:
Change Dir: /home/pi/cscapstoneproject-pihomesecurity/opencv/opencv/build/CMakeFiles/CMakeTmp

Run Build Command:"/usr/bin/make" "cmTC_c9ee7/fast"
/usr/bin/make -f CMakeFiles/cmTC_c9ee7.dir/build.make CMakeFiles/cmTC_c9ee7.dir/build
make[1]: Entering directory '/home/pi/cscapstoneproject-pihomesecurity/opencv/opencv/build/CMakeFiles/CMakeTmp'
Building C object CMakeFiles/cmTC_c9ee7.dir/CheckIncludeFile.c.o
/usr/bin/cc   -fsigned-char -W -Wall -Werror=return-type -Werror=non-virtual-dtor -Werror=address -Werror=sequence-point -Wformat -Werror=format-security -Wmissing-declarations -Wmissing-prototypes -Wstrict-prototypes -Wundef -Winit-self -Wpointer-arith -Wshadow -Wuninitialized -Winit-self -Wno-narrowing -Wno-comment -Wimplicit-fallthrough=3 -Wno-strict-overflow -fdiagnostics-show-option -pthread -fomit-frame-pointer -ffunction-sections -fdata-sections  -mfp16-format=ieee -fvisibility=hidden  -O3 -DNDEBUG -fPIE   -o CMakeFiles/cmTC_c9ee7.dir/CheckIncludeFile.c.o   -c /home/pi/cscapstoneproject-pihomesecurity/opencv/opencv/build/CMakeFiles/CMakeTmp/CheckIncludeFile.c
/home/pi/cscapstoneproject-pihomesecurity/opencv/opencv/build/CMakeFiles/CMakeTmp/CheckIncludeFile.c:1:10: fatal error: sys/videoio.h: No such file or directory
 #include <sys/videoio.h>
          ^~~~~~~~~~~~~~~
compilation terminated.
make[1]: *** [CMakeFiles/cmTC_c9ee7.dir/build.make:66: CMakeFiles/cmTC_c9ee7.dir/CheckIncludeFile.c.o] Error 1
make[1]: Leaving directory '/home/pi/cscapstoneproject-pihomesecurity/opencv/opencv/build/CMakeFiles/CMakeTmp'
make: *** [Makefile:121: cmTC_c9ee7/fast] Error 2


Determining if the include file sys/videoio.h exists failed with the following output:
Change Dir: /home/pi/cscapstoneproject-pihomesecurity/opencv/opencv/build/CMakeFiles/CMakeTmp

Run Build Command:"/usr/bin/make" "cmTC_32b25/fast"
/usr/bin/make -f CMakeFiles/cmTC_32b25.dir/build.make CMakeFiles/cmTC_32b25.dir/build
make[1]: Entering directory '/home/pi/cscapstoneproject-pihomesecurity/opencv/opencv/build/CMakeFiles/CMakeTmp'
Building C object CMakeFiles/cmTC_32b25.dir/CheckIncludeFile.c.o
/usr/bin/cc   -fsigned-char -W -Wall -Werror=return-type -Werror=non-virtual-dtor -Werror=address -Werror=sequence-point -Wformat -Werror=format-security -Wmissing-declarations -Wmissing-prototypes -Wstrict-prototypes -Wundef -Winit-self -Wpointer-arith -Wshadow -Wuninitialized -Winit-self -Wno-narrowing -Wno-comment -Wimplicit-fallthrough=3 -Wno-strict-overflow -fdiagnostics-show-option -pthread -fomit-frame-pointer -ffunction-sections -fdata-sections  -mfp16-format=ieee -fvisibility=hidden  -O3 -DNDEBUG -fPIE   -o CMakeFiles/cmTC_32b25.dir/CheckIncludeFile.c.o   -c /home/pi/cscapstoneproject-pihomesecurity/opencv/opencv/build/CMakeFiles/CMakeTmp/CheckIncludeFile.c
/home/pi/cscapstoneproject-pihomesecurity/opencv/opencv/build/CMakeFiles/CMakeTmp/CheckIncludeFile.c:1:10: fatal error: sys/videoio.h: No such file or directory
 #include <sys/videoio.h>
          ^~~~~~~~~~~~~~~
compilation terminated.
make[1]: *** [CMakeFiles/cmTC_32b25.dir/build.make:66: CMakeFiles/cmTC_32b25.dir/CheckIncludeFile.c.o] Error 1
make[1]: Leaving directory '/home/pi/cscapstoneproject-pihomesecurity/opencv/opencv/build/CMakeFiles/CMakeTmp'
make: *** [Makefile:121: cmTC_32b25/fast] Error 2


Determining if the include file sys/videoio.h exists failed with the following output:
Change Dir: /home/pi/cscapstoneproject-pihomesecurity/opencv/opencv/build/CMakeFiles/CMakeTmp

Run Build Command:"/usr/bin/make" "cmTC_01f98/fast"
/usr/bin/make -f CMakeFiles/cmTC_01f98.dir/build.make CMakeFiles/cmTC_01f98.dir/build
make[1]: Entering directory '/home/pi/cscapstoneproject-pihomesecurity/opencv/opencv/build/CMakeFiles/CMakeTmp'
Building C object CMakeFiles/cmTC_01f98.dir/CheckIncludeFile.c.o
/usr/bin/cc   -fsigned-char -W -Wall -Werror=return-type -Werror=non-virtual-dtor -Werror=address -Werror=sequence-point -Wformat -Werror=format-security -Wmissing-declarations -Wmissing-prototypes -Wstrict-prototypes -Wundef -Winit-self -Wpointer-arith -Wshadow -Wuninitialized -Winit-self -Wno-narrowing -Wno-comment -Wimplicit-fallthrough=3 -Wno-strict-overflow -fdiagnostics-show-option -pthread -fomit-frame-pointer -ffunction-sections -fdata-sections  -mfp16-format=ieee -fvisibility=hidden  -O3 -DNDEBUG -fPIE   -o CMakeFiles/cmTC_01f98.dir/CheckIncludeFile.c.o   -c /home/pi/cscapstoneproject-pihomesecurity/opencv/opencv/build/CMakeFiles/CMakeTmp/CheckIncludeFile.c
/home/pi/cscapstoneproject-pihomesecurity/opencv/opencv/build/CMakeFiles/CMakeTmp/CheckIncludeFile.c:1:10: fatal error: sys/videoio.h: No such file or directory
 #include <sys/videoio.h>
          ^~~~~~~~~~~~~~~
compilation terminated.
make[1]: *** [CMakeFiles/cmTC_01f98.dir/build.make:66: CMakeFiles/cmTC_01f98.dir/CheckIncludeFile.c.o] Error 1
make[1]: Leaving directory '/home/pi/cscapstoneproject-pihomesecurity/opencv/opencv/build/CMakeFiles/CMakeTmp'
make: *** [Makefile:121: cmTC_01f98/fast] Error 2


Determining if the include file sys/videoio.h exists failed with the following output:
Change Dir: /home/pi/cscapstoneproject-pihomesecurity/opencv/opencv/build/CMakeFiles/CMakeTmp

Run Build Command:"/usr/bin/make" "cmTC_00703/fast"
/usr/bin/make -f CMakeFiles/cmTC_00703.dir/build.make CMakeFiles/cmTC_00703.dir/build
make[1]: Entering directory '/home/pi/cscapstoneproject-pihomesecurity/opencv/opencv/build/CMakeFiles/CMakeTmp'
Building C object CMakeFiles/cmTC_00703.dir/CheckIncludeFile.c.o
/usr/bin/cc   -fsigned-char -W -Wall -Werror=return-type -Werror=non-virtual-dtor -Werror=address -Werror=sequence-point -Wformat -Werror=format-security -Wmissing-declarations -Wmissing-prototypes -Wstrict-prototypes -Wundef -Winit-self -Wpointer-arith -Wshadow -Wuninitialized -Winit-self -Wno-narrowing -Wno-comment -Wimplicit-fallthrough=3 -Wno-strict-overflow -fdiagnostics-show-option -pthread -fomit-frame-pointer -ffunction-sections -fdata-sections  -mfp16-format=ieee -fvisibility=hidden  -O3 -DNDEBUG -fPIE   -o CMakeFiles/cmTC_00703.dir/CheckIncludeFile.c.o   -c /home/pi/cscapstoneproject-pihomesecurity/opencv/opencv/build/CMakeFiles/CMakeTmp/CheckIncludeFile.c
/home/pi/cscapstoneproject-pihomesecurity/opencv/opencv/build/CMakeFiles/CMakeTmp/CheckIncludeFile.c:1:10: fatal error: sys/videoio.h: No such file or directory
 #include <sys/videoio.h>
          ^~~~~~~~~~~~~~~
compilation terminated.
make[1]: *** [CMakeFiles/cmTC_00703.dir/build.make:66: CMakeFiles/cmTC_00703.dir/CheckIncludeFile.c.o] Error 1
make[1]: Leaving directory '/home/pi/cscapstoneproject-pihomesecurity/opencv/opencv/build/CMakeFiles/CMakeTmp'
make: *** [Makefile:121: cmTC_00703/fast] Error 2


